Determining if the pthread_create exist failed with the following output:
Change Dir: /home/workspace/myrobot/build/CMakeFiles/CMakeTmp

Run Build Command:"/usr/bin/make" "cmTC_b2edd/fast"
/usr/bin/make -f CMakeFiles/cmTC_b2edd.dir/build.make CMakeFiles/cmTC_b2edd.dir/build
make[1]: Entering directory '/home/workspace/myrobot/build/CMakeFiles/CMakeTmp'
Building C object CMakeFiles/cmTC_b2edd.dir/CheckSymbolExists.c.o
/usr/bin/cc     -o CMakeFiles/cmTC_b2edd.dir/CheckSymbolExists.c.o   -c /home/workspace/myrobot/build/CMakeFiles/CMakeTmp/CheckSymbolExists.c
Linking C executable cmTC_b2edd
/usr/bin/cmake -E cmake_link_script CMakeFiles/cmTC_b2edd.dir/link.txt --verbose=1
/usr/bin/cc       CMakeFiles/cmTC_b2edd.dir/CheckSymbolExists.c.o  -o cmTC_b2edd -rdynamic 
CMakeFiles/cmTC_b2edd.dir/CheckSymbolExists.c.o: In function `main':
CheckSymbolExists.c:(.text+0x16): undefined reference to `pthread_create'
collect2: error: ld returned 1 exit status
CMakeFiles/cmTC_b2edd.dir/build.make:97: recipe for target 'cmTC_b2edd' failed
make[1]: *** [cmTC_b2edd] Error 1
make[1]: Leaving directory '/home/workspace/myrobot/build/CMakeFiles/CMakeTmp'
Makefile:126: recipe for target 'cmTC_b2edd/fast' failed
make: *** [cmTC_b2edd/fast] Error 2

File /home/workspace/myrobot/build/CMakeFiles/CMakeTmp/CheckSymbolExists.c:
/* */
#include <pthread.h>

int main(int argc, char** argv)
{
  (void)argv;
#ifndef pthread_create
  return ((int*)(&pthread_create))[argc];
#else
  (void)argc;
  return 0;
#endif
}

Determining if the function pthread_create exists in the pthreads failed with the following output:
Change Dir: /home/workspace/myrobot/build/CMakeFiles/CMakeTmp

Run Build Command:"/usr/bin/make" "cmTC_e0d34/fast"
/usr/bin/make -f CMakeFiles/cmTC_e0d34.dir/build.make CMakeFiles/cmTC_e0d34.dir/build
make[1]: Entering directory '/home/workspace/myrobot/build/CMakeFiles/CMakeTmp'
Building C object CMakeFiles/cmTC_e0d34.dir/CheckFunctionExists.c.o
/usr/bin/cc    -DCHECK_FUNCTION_EXISTS=pthread_create   -o CMakeFiles/cmTC_e0d34.dir/CheckFunctionExists.c.o   -c /usr/share/cmake-3.5/Modules/CheckFunctionExists.c
Linking C executable cmTC_e0d34
/usr/bin/cmake -E cmake_link_script CMakeFiles/cmTC_e0d34.dir/link.txt --verbose=1
/usr/bin/cc   -DCHECK_FUNCTION_EXISTS=pthread_create    CMakeFiles/cmTC_e0d34.dir/CheckFunctionExists.c.o  -o cmTC_e0d34 -rdynamic -lpthreads 
/usr/bin/ld: cannot find -lpthreads
collect2: error: ld returned 1 exit status
CMakeFiles/cmTC_e0d34.dir/build.make:97: recipe for target 'cmTC_e0d34' failed
make[1]: *** [cmTC_e0d34] Error 1
make[1]: Leaving directory '/home/workspace/myrobot/build/CMakeFiles/CMakeTmp'
Makefile:126: recipe for target 'cmTC_e0d34/fast' failed
make: *** [cmTC_e0d34/fast] Error 2


